Started by user [8mha:////4FuTPzBZStcYgruvItJfegEMeCRMLN/iqML4MgAjwsBxAAAAkx+LCAAAAAAAAP9b85aBtbiIQTGjNKU4P08vOT+vOD8nVc83PyU1x6OyILUoJzMv2y+/JJUBAhiZGBgqihhk0NSjKDWzXb3RdlLBUSYGJk8GtpzUvPSSDB8G5tKinBIGIZ+sxLJE/ZzEvHT94JKizLx0a6BxUmjGOUNodHsLgAyWEgYu/dLi1CIwAQDYegtJvwAAAA==[0muser
Running in Durability level: MAX_SURVIVABILITY
org.codehaus.groovy.control.MultipleCompilationErrorsException: startup failed:
WorkflowScript: 12: Missing required parameter: "userMetadata" @ line 12, column 9.
           s3Upload entries: [[bucket: '30daysdevops/dropwizard/infracrtructure/', sourceFile: 'ops/app_ELB.yml', userMetadata: [[key: 'environment', value: 'qa'], [key: 'service', value: 'ELB']]]], profileName: 'S3BucketPublisher'
           ^

WorkflowScript: 12: Missing required parameter: "dontWaitForConcurrentBuildCompletion" @ line 12, column 9.
           s3Upload entries: [[bucket: '30daysdevops/dropwizard/infracrtructure/', sourceFile: 'ops/app_ELB.yml', userMetadata: [[key: 'environment', value: 'qa'], [key: 'service', value: 'ELB']]]], profileName: 'S3BucketPublisher'
           ^

WorkflowScript: 12: Missing required parameter: "consoleLogLevel" @ line 12, column 9.
           s3Upload entries: [[bucket: '30daysdevops/dropwizard/infracrtructure/', sourceFile: 'ops/app_ELB.yml', userMetadata: [[key: 'environment', value: 'qa'], [key: 'service', value: 'ELB']]]], profileName: 'S3BucketPublisher'
           ^

WorkflowScript: 12: Missing required parameter: "pluginFailureResultConstraint" @ line 12, column 9.
           s3Upload entries: [[bucket: '30daysdevops/dropwizard/infracrtructure/', sourceFile: 'ops/app_ELB.yml', userMetadata: [[key: 'environment', value: 'qa'], [key: 'service', value: 'ELB']]]], profileName: 'S3BucketPublisher'
           ^

4 errors

	at org.codehaus.groovy.control.ErrorCollector.failIfErrors(ErrorCollector.java:310)
	at org.codehaus.groovy.control.CompilationUnit.applyToPrimaryClassNodes(CompilationUnit.java:1085)
	at org.codehaus.groovy.control.CompilationUnit.doPhaseOperation(CompilationUnit.java:603)
	at org.codehaus.groovy.control.CompilationUnit.processPhaseOperations(CompilationUnit.java:581)
	at org.codehaus.groovy.control.CompilationUnit.compile(CompilationUnit.java:558)
	at groovy.lang.GroovyClassLoader.doParseClass(GroovyClassLoader.java:298)
	at groovy.lang.GroovyClassLoader.parseClass(GroovyClassLoader.java:268)
	at groovy.lang.GroovyShell.parseClass(GroovyShell.java:688)
	at groovy.lang.GroovyShell.parse(GroovyShell.java:700)
	at org.jenkinsci.plugins.workflow.cps.CpsGroovyShell.doParse(CpsGroovyShell.java:131)
	at org.jenkinsci.plugins.workflow.cps.CpsGroovyShell.reparse(CpsGroovyShell.java:125)
	at org.jenkinsci.plugins.workflow.cps.CpsFlowExecution.parseScript(CpsFlowExecution.java:560)
	at org.jenkinsci.plugins.workflow.cps.CpsFlowExecution.start(CpsFlowExecution.java:521)
	at org.jenkinsci.plugins.workflow.job.WorkflowRun.run(WorkflowRun.java:320)
	at hudson.model.ResourceController.execute(ResourceController.java:97)
	at hudson.model.Executor.run(Executor.java:429)
Finished: FAILURE
